<?xml version="1.0" encoding="UTF-8"?>
<testsuite xmlns:xsi="http://www.w3.org/2001/XMLSchema-instance" xsi:noNamespaceSchemaLocation="https://maven.apache.org/surefire/maven-surefire-plugin/xsd/surefire-test-report-3.0.xsd" version="3.0" name="TestSuite" time="2.256" tests="9" errors="0" skipped="1" failures="8">
  <properties>
[...]
</properties>
  <testcase name="login" classname="com.amazon.tests.LoginTest" time="1.271">
    <failure message="unknown error: Chrome failed to start: exited abnormally.&#10;  (unknown error: DevToolsActivePort file doesn&apos;t exist)&#10;  (The process started from chrome location /usr/bin/google-chrome is no longer running, so ChromeDriver is assuming that Chrome has crashed.)&#10;Build info: version: &apos;3.141.59&apos;, revision: &apos;e82be7d358&apos;, time: &apos;2018-11-14T08:17:03&apos;&#10;System info: host: &apos;5CG0262CXH&apos;, ip: &apos;127.0.1.1&apos;, os.name: &apos;Linux&apos;, os.arch: &apos;amd64&apos;, os.version: &apos;5.11.0-25-generic&apos;, java.version: &apos;1.8.0_292&apos;&#10;Driver info: driver.version: ChromeDriver&#10;remote stacktrace: #0 0x562989f37e89 &lt;unknown&gt;&#10;" type="org.openqa.selenium.WebDriverException"><![CDATA[org.openqa.selenium.WebDriverException: 
unknown error: Chrome failed to start: exited abnormally.
  (unknown error: DevToolsActivePort file doesn't exist)
  (The process started from chrome location /usr/bin/google-chrome is no longer running, so ChromeDriver is assuming that Chrome has crashed.)
Build info: version: '3.141.59', revision: 'e82be7d358', time: '2018-11-14T08:17:03'
System info: host: '5CG0262CXH', ip: '127.0.1.1', os.name: 'Linux', os.arch: 'amd64', os.version: '5.11.0-25-generic', java.version: '1.8.0_292'
Driver info: driver.version: ChromeDriver
remote stacktrace: #0 0x562989f37e89 <unknown>

	at com.amazon.tests.LoginTest.login(LoginTest.java:15)
]]></failure>
    <system-err><![CDATA[Starting ChromeDriver 90.0.4430.24 (4c6d850f087da467d926e8eddb76550aed655991-refs/branch-heads/4430@{#429}) on port 20527
Only local connections are allowed.
Please see https://chromedriver.chromium.org/security-considerations for suggestions on keeping ChromeDriver safe.
ChromeDriver was started successfully.
]]></system-err>
  </testcase>
  <testcase name="getDeal" classname="com.amazon.tests.TodaysDealsTest" time="0.045">
    <failure type="java.lang.NullPointerException"><![CDATA[java.lang.NullPointerException
	at com.amazon.tests.TodaysDealsTest.getDeal(TodaysDealsTest.java:21)
]]></failure>
    <system-out><![CDATA[null
]]></system-out>
  </testcase>
  <testcase name="getLastMobile" classname="com.amazon.tests.MobilesTest" time="0.011">
    <failure type="java.lang.NullPointerException"><![CDATA[java.lang.NullPointerException
	at com.amazon.tests.MobilesTest.getLastMobile(MobilesTest.java:20)
]]></failure>
    <system-out><![CDATA[null
]]></system-out>
  </testcase>
  <testcase name="getDeliveryDetails" classname="com.amazon.tests.PrimeDeliveryTest" time="0.003">
    <failure type="java.lang.NullPointerException"><![CDATA[java.lang.NullPointerException
	at com.amazon.tests.PrimeDeliveryTest.getDeliveryDetails(PrimeDeliveryTest.java:20)
]]></failure>
    <system-out><![CDATA[null
]]></system-out>
  </testcase>
  <testcase name="navigation" classname="com.amazon.tests.NavigationTest" time="0.002">
    <failure type="java.lang.NullPointerException"><![CDATA[java.lang.NullPointerException
	at com.amazon.tests.NavigationTest.navigation(NavigationTest.java:18)
]]></failure>
    <system-out><![CDATA[null
]]></system-out>
  </testcase>
  <testcase name="orders" classname="com.amazon.tests.OrdersTest" time="0">
    <failure type="java.lang.NullPointerException"><![CDATA[java.lang.NullPointerException
	at com.amazon.tests.OrdersTest.orders(OrdersTest.java:18)
]]></failure>
    <system-out><![CDATA[null
]]></system-out>
  </testcase>
  <testcase name="paymentDetails" classname="com.amazon.tests.PaymentTest" time="0.002">
    <failure type="java.lang.NullPointerException"><![CDATA[java.lang.NullPointerException
	at com.amazon.tests.PaymentTest.paymentDetails(PaymentTest.java:19)
]]></failure>
    <system-out><![CDATA[null
]]></system-out>
  </testcase>
  <testcase name="addAddress" classname="com.amazon.tests.AddressTest" time="0.002">
    <failure type="java.lang.NullPointerException"><![CDATA[java.lang.NullPointerException
	at com.amazon.tests.AddressTest.addAddress(AddressTest.java:28)
]]></failure>
    <system-out><![CDATA[null
]]></system-out>
  </testcase>
  <testcase name="addressVerify" classname="com.amazon.tests.AddressTest" time="0">
    <skipped message="Method AddressTest.addressVerify()[pri:0, instance:com.amazon.tests.AddressTest@5ae63ade] depends on not successfully finished methods"/>
  </testcase>
</testsuite>