<?xml version="1.0" encoding="UTF-8"?>
<testsuite xmlns:xsi="http://www.w3.org/2001/XMLSchema-instance" xsi:noNamespaceSchemaLocation="https://maven.apache.org/surefire/maven-surefire-plugin/xsd/surefire-test-report-3.0.xsd" version="3.0" name="TestSuite" time="48.215" tests="9" errors="0" skipped="0" failures="1">
  <properties>
[...]
</properties>
  <testcase name="login" classname="com.amazon.tests.LoginTest" time="6.696">
    <system-err><![CDATA[Starting ChromeDriver 90.0.4430.24 (4c6d850f087da467d926e8eddb76550aed655991-refs/branch-heads/4430@{#429}) on port 28186
Only local connections are allowed.
Please see https://chromedriver.chromium.org/security-considerations for suggestions on keeping ChromeDriver safe.
ChromeDriver was started successfully.
Jul 22, 2021 1:09:27 PM org.openqa.selenium.remote.ProtocolHandshake createSession
INFO: Detected dialect: W3C
]]></system-err>
  </testcase>
  <testcase name="getDeal" classname="com.amazon.tests.TodaysDealsTest" time="16.127">
    <failure message="expected [2] but found [1]" type="java.lang.AssertionError"><![CDATA[java.lang.AssertionError: expected [2] but found [1]
	at com.amazon.tests.TodaysDealsTest.getDeal(TodaysDealsTest.java:31)
]]></failure>
    <system-out><![CDATA[ChromeDriver: chrome on LINUX (a6ef74ebd10378d61a2132410eb6ee02)
]]></system-out>
  </testcase>
  <testcase name="getLastMobile" classname="com.amazon.tests.MobilesTest" time="2.287">
    <system-out><![CDATA[ChromeDriver: chrome on LINUX (a6ef74ebd10378d61a2132410eb6ee02)
Redmi 9A (Sea Blue 2GB RAM 32GB Storage) | 2GHz Octa-core Helio G25 Processor | 5000 mAh Battery
]]></system-out>
  </testcase>
  <testcase name="getDeliveryDetails" classname="com.amazon.tests.PrimeDeliveryTest" time="4.864">
    <system-out><![CDATA[ChromeDriver: chrome on LINUX (a6ef74ebd10378d61a2132410eb6ee02)
Monday, July 26
FREE Delivery
]]></system-out>
  </testcase>
  <testcase name="navigation" classname="com.amazon.tests.NavigationTest" time="5.512">
    <system-out><![CDATA[ChromeDriver: chrome on LINUX (a6ef74ebd10378d61a2132410eb6ee02)
]]></system-out>
  </testcase>
  <testcase name="orders" classname="com.amazon.tests.OrdersTest" time="2.747">
    <system-out><![CDATA[ChromeDriver: chrome on LINUX (a6ef74ebd10378d61a2132410eb6ee02)
]]></system-out>
  </testcase>
  <testcase name="paymentDetails" classname="com.amazon.tests.PaymentTest" time="3.925">
    <system-out><![CDATA[ChromeDriver: chrome on LINUX (a6ef74ebd10378d61a2132410eb6ee02)
]]></system-out>
  </testcase>
  <testcase name="addAddress" classname="com.amazon.tests.AddressTest" time="5.064">
    <system-out><![CDATA[ChromeDriver: chrome on LINUX (a6ef74ebd10378d61a2132410eb6ee02)
]]></system-out>
  </testcase>
  <testcase name="addressVerify" classname="com.amazon.tests.AddressTest" time="0.223">
    <system-out><![CDATA[ChromeDriver: chrome on LINUX (a6ef74ebd10378d61a2132410eb6ee02)
]]></system-out>
  </testcase>
</testsuite>