-------------------------------------------------------------------------------
Test set: TestSuite
-------------------------------------------------------------------------------
Tests run: 9, Failures: 1, Errors: 0, Skipped: 0, Time elapsed: 48.215 s <<< FAILURE! - in TestSuite
com.amazon.tests.TodaysDealsTest.getDeal  Time elapsed: 16.127 s  <<< FAILURE!
java.lang.AssertionError: expected [2] but found [1]
	at com.amazon.tests.TodaysDealsTest.getDeal(TodaysDealsTest.java:31)

